<?xml version="1.0" encoding="UTF-8"?>
<coverage generated="1625980158555" clover="3.2.0">
  <project timestamp="1625980158555" name="All files">
    <metrics statements="58" coveredstatements="58" conditionals="35" coveredconditionals="34" methods="10" coveredmethods="10" elements="103" coveredelements="102" complexity="0" loc="58" ncloc="58" packages="6" files="6" classes="6"/>
    <package name="arrays.change2dArray">
      <metrics statements="8" coveredstatements="8" conditionals="2" coveredconditionals="2" methods="2" coveredmethods="2"/>
      <file name="change2dArray.js" path="C:\Users\HP\Desktop\one-percent-better\testing-101\arrays\change2dArray\change2dArray.js">
        <metrics statements="8" coveredstatements="8" conditionals="2" coveredconditionals="2" methods="2" coveredmethods="2"/>
        <line num="27" count="1" type="stmt"/>
        <line num="28" count="2" type="stmt"/>
        <line num="31" count="2" type="stmt"/>
        <line num="32" count="10" type="cond" truecount="2" falsecount="0"/>
        <line num="33" count="3" type="stmt"/>
        <line num="35" count="7" type="stmt"/>
        <line num="40" count="2" type="stmt"/>
        <line num="45" count="1" type="stmt"/>
      </file>
    </package>
    <package name="arrays.cloneArray">
      <metrics statements="3" coveredstatements="3" conditionals="0" coveredconditionals="0" methods="1" coveredmethods="1"/>
      <file name="cloneArray.js" path="C:\Users\HP\Desktop\one-percent-better\testing-101\arrays\cloneArray\cloneArray.js">
        <metrics statements="3" coveredstatements="3" conditionals="0" coveredconditionals="0" methods="1" coveredmethods="1"/>
        <line num="1" count="1" type="stmt"/>
        <line num="2" count="2" type="stmt"/>
        <line num="7" count="1" type="stmt"/>
      </file>
    </package>
    <package name="arrays.countByX">
      <metrics statements="8" coveredstatements="8" conditionals="4" coveredconditionals="4" methods="1" coveredmethods="1"/>
      <file name="countByX.js" path="C:\Users\HP\Desktop\one-percent-better\testing-101\arrays\countByX\countByX.js">
        <metrics statements="8" coveredstatements="8" conditionals="4" coveredconditionals="4" methods="1" coveredmethods="1"/>
        <line num="9" count="1" type="stmt"/>
        <line num="12" count="3" type="stmt"/>
        <line num="13" count="3" type="cond" truecount="2" falsecount="0"/>
        <line num="14" count="2" type="cond" truecount="2" falsecount="0"/>
        <line num="17" count="1" type="stmt"/>
        <line num="18" count="5" type="stmt"/>
        <line num="21" count="1" type="stmt"/>
        <line num="25" count="1" type="stmt"/>
      </file>
    </package>
    <package name="arrays.countingChickens">
      <metrics statements="14" coveredstatements="14" conditionals="16" coveredconditionals="15" methods="1" coveredmethods="1"/>
      <file name="countingChickens.js" path="C:\Users\HP\Desktop\one-percent-better\testing-101\arrays\countingChickens\countingChickens.js">
        <metrics statements="14" coveredstatements="14" conditionals="16" coveredconditionals="15" methods="1" coveredmethods="1"/>
        <line num="16" count="1" type="stmt"/>
        <line num="17" count="8" type="stmt"/>
        <line num="18" count="8" type="stmt"/>
        <line num="20" count="8" type="cond" truecount="2" falsecount="0"/>
        <line num="21" count="7" type="cond" truecount="4" falsecount="0"/>
        <line num="24" count="6" type="stmt"/>
        <line num="26" count="9" type="cond" truecount="4" falsecount="0"/>
        <line num="27" count="2" type="stmt"/>
        <line num="31" count="7" type="cond" truecount="2" falsecount="0"/>
        <line num="32" count="4" type="stmt"/>
        <line num="33" count="3" type="cond" truecount="3" falsecount="1"/>
        <line num="34" count="3" type="stmt"/>
        <line num="38" count="6" type="stmt"/>
        <line num="42" count="1" type="stmt"/>
      </file>
    </package>
    <package name="arrays.deathStarConstruction">
      <metrics statements="15" coveredstatements="15" conditionals="7" coveredconditionals="7" methods="2" coveredmethods="2"/>
      <file name="deathStarConstruction.js" path="C:\Users\HP\Desktop\one-percent-better\testing-101\arrays\deathStarConstruction\deathStarConstruction.js">
        <metrics statements="15" coveredstatements="15" conditionals="7" coveredconditionals="7" methods="2" coveredmethods="2"/>
        <line num="22" count="1" type="stmt"/>
        <line num="23" count="4" type="stmt"/>
        <line num="29" count="4" type="stmt"/>
        <line num="31" count="4" type="stmt"/>
        <line num="32" count="19" type="stmt"/>
        <line num="33" count="57" type="stmt"/>
        <line num="34" count="57" type="cond" truecount="2" falsecount="0"/>
        <line num="35" count="11" type="stmt"/>
        <line num="40" count="4" type="stmt"/>
        <line num="41" count="4" type="stmt"/>
        <line num="42" count="4" type="stmt"/>
        <line num="45" count="4" type="cond" truecount="5" falsecount="0"/>
        <line num="46" count="2" type="stmt"/>
        <line num="48" count="2" type="stmt"/>
        <line num="53" count="1" type="stmt"/>
      </file>
    </package>
    <package name="strings">
      <metrics statements="10" coveredstatements="10" conditionals="6" coveredconditionals="6" methods="3" coveredmethods="3"/>
      <file name="complimentaryDNA.js" path="C:\Users\HP\Desktop\one-percent-better\testing-101\strings\complimentaryDNA.js">
        <metrics statements="10" coveredstatements="10" conditionals="6" coveredconditionals="6" methods="3" coveredmethods="3"/>
        <line num="18" count="1" type="stmt"/>
        <line num="20" count="2" type="stmt"/>
        <line num="23" count="2" type="stmt"/>
        <line num="24" count="9" type="cond" truecount="2" falsecount="0"/>
        <line num="25" count="7" type="cond" truecount="2" falsecount="0"/>
        <line num="26" count="3" type="cond" truecount="2" falsecount="0"/>
        <line num="27" count="1" type="stmt"/>
        <line num="30" count="9" type="stmt"/>
        <line num="31" count="2" type="stmt"/>
        <line num="35" count="1" type="stmt"/>
      </file>
    </package>
  </project>
</coverage>
