{"C:\\Users\\HP\\Desktop\\one-percent-better\\testingAndChallenges\\challenges\\arrays\\findPairSum\\findPairSum.js": {"path":"C:\\Users\\HP\\Desktop\\one-percent-better\\testingAndChallenges\\challenges\\arrays\\findPairSum\\findPairSum.js","statementMap":{"0":{"start":{"line":1,"column":20},"end":{"line":28,"column":1}},"1":{"start":{"line":2,"column":15},"end":{"line":2,"column":19}},"2":{"start":{"line":3,"column":4},"end":{"line":3,"column":35}},"3":{"start":{"line":3,"column":24},"end":{"line":3,"column":35}},"4":{"start":{"line":7,"column":18},"end":{"line":7,"column":21}},"5":{"start":{"line":12,"column":4},"end":{"line":20,"column":5}},"6":{"start":{"line":12,"column":16},"end":{"line":12,"column":17}},"7":{"start":{"line":13,"column":24},"end":{"line":13,"column":43}},"8":{"start":{"line":14,"column":23},"end":{"line":14,"column":49}},"9":{"start":{"line":15,"column":8},"end":{"line":19,"column":9}},"10":{"start":{"line":16,"column":12},"end":{"line":16,"column":20}},"11":{"start":{"line":18,"column":12},"end":{"line":18,"column":32}},"12":{"start":{"line":23,"column":4},"end":{"line":23,"column":22}},"13":{"start":{"line":27,"column":4},"end":{"line":27,"column":15}},"14":{"start":{"line":31,"column":0},"end":{"line":31,"column":29}}},"fnMap":{"0":{"name":"(anonymous_0)","decl":{"start":{"line":1,"column":20},"end":{"line":1,"column":21}},"loc":{"start":{"line":1,"column":36},"end":{"line":28,"column":1}},"line":1}},"branchMap":{"0":{"loc":{"start":{"line":3,"column":4},"end":{"line":3,"column":35}},"type":"if","locations":[{"start":{"line":3,"column":4},"end":{"line":3,"column":35}},{"start":{"line":3,"column":4},"end":{"line":3,"column":35}}],"line":3},"1":{"loc":{"start":{"line":15,"column":8},"end":{"line":19,"column":9}},"type":"if","locations":[{"start":{"line":15,"column":8},"end":{"line":19,"column":9}},{"start":{"line":15,"column":8},"end":{"line":19,"column":9}}],"line":15}},"s":{"0":1,"1":8,"2":8,"3":2,"4":6,"5":6,"6":6,"7":24,"8":24,"9":24,"10":14,"11":10,"12":6,"13":6,"14":1},"f":{"0":8},"b":{"0":[2,6],"1":[14,10]},"_coverageSchema":"1a1c01bbd47fc00a2c39e90264f33305004495a9","hash":"51d14ec66847e164d406917cce99b73762625aa1"}
}
