{"C:\\Users\\HP\\Desktop\\one-percent-better\\testingAndChallenges\\challenges\\strings\\sumOfIntegers\\sumOfIntegers.js": {"path":"C:\\Users\\HP\\Desktop\\one-percent-better\\testingAndChallenges\\challenges\\strings\\sumOfIntegers\\sumOfIntegers.js","statementMap":{"0":{"start":{"line":1,"column":30},"end":{"line":7,"column":1}},"1":{"start":{"line":2,"column":4},"end":{"line":6,"column":42}},"2":{"start":{"line":6,"column":25},"end":{"line":6,"column":38}},"3":{"start":{"line":10,"column":0},"end":{"line":10,"column":39}}},"fnMap":{"0":{"name":"(anonymous_0)","decl":{"start":{"line":1,"column":30},"end":{"line":1,"column":31}},"loc":{"start":{"line":1,"column":42},"end":{"line":7,"column":1}},"line":1},"1":{"name":"(anonymous_1)","decl":{"start":{"line":6,"column":16},"end":{"line":6,"column":17}},"loc":{"start":{"line":6,"column":25},"end":{"line":6,"column":38}},"line":6}},"branchMap":{},"s":{"0":1,"1":8,"2":25,"3":1},"f":{"0":8,"1":25},"b":{},"_coverageSchema":"1a1c01bbd47fc00a2c39e90264f33305004495a9","hash":"ba949c0abd86c418469a08201f3b0beb04b24c33"}
}
